<?xml version="1.0" encoding="UTF-8"?>
<!-- Generated by org.testng.reporters.JUnitReportReporter -->
<testsuite hostname="LAPTOP-9FGT47P4" failures="0" tests="5" name="testclasses.VerifySubCategoryLinksOnSSC_CGL_CoursePage" time="213.696" errors="0" timestamp="2022-10-12T22:21:28 IST" skipped="0">
  <testcase classname="testclasses.VerifySubCategoryLinksOnSSC_CGL_CoursePage" name="Verify_SSC_CGL_ebooksButton" time="46.885"/>
  <system-out/>
  <testcase classname="testclasses.VerifySubCategoryLinksOnSSC_CGL_CoursePage" name="Verify_SSC_CGL_TestSeriesButton" time="39.825"/>
  <system-out/>
  <testcase classname="testclasses.VerifySubCategoryLinksOnSSC_CGL_CoursePage" name="Verify_SSC_CGL_BooksButton" time="48.226"/>
  <system-out/>
  <testcase classname="testclasses.VerifySubCategoryLinksOnSSC_CGL_CoursePage" name="Verify_SSC_CGL_OnlineLiveClassesButton" time="39.573"/>
  <system-out/>
  <testcase classname="testclasses.VerifySubCategoryLinksOnSSC_CGL_CoursePage" name="Verify_SSC_CGL_VideoCoursesButton" time="39.187"/>
  <system-out/>
</testsuite> <!-- testclasses.VerifySubCategoryLinksOnSSC_CGL_CoursePage -->
